<?xml version="1.0" encoding="UTF-8"?>
<coverage generated="1665287026744" clover="3.2.0">
  <project timestamp="1665287026744" name="All files">
    <metrics statements="3" coveredstatements="1" conditionals="0" coveredconditionals="0" methods="3" coveredmethods="2" elements="6" coveredelements="3" complexity="0" loc="3" ncloc="3" packages="2" files="2" classes="2"/>
    <package name="pages.api">
      <metrics statements="2" coveredstatements="0" conditionals="0" coveredconditionals="0" methods="1" coveredmethods="0"/>
      <file name="hello.ts" path="/home/shoki/dev/shopping-item-search/next-app/src/pages/api/hello.ts">
        <metrics statements="2" coveredstatements="0" conditionals="0" coveredconditionals="0" methods="1" coveredmethods="0"/>
        <line num="8" count="0" type="stmt"/>
        <line num="12" count="0" type="stmt"/>
      </file>
    </package>
    <package name="utils">
      <metrics statements="1" coveredstatements="1" conditionals="0" coveredconditionals="0" methods="2" coveredmethods="2"/>
      <file name="numberWithCommas.ts" path="/home/shoki/dev/shopping-item-search/next-app/src/utils/numberWithCommas.ts">
        <metrics statements="1" coveredstatements="1" conditionals="0" coveredconditionals="0" methods="2" coveredmethods="2"/>
        <line num="1" count="8" type="stmt"/>
      </file>
    </package>
  </project>
</coverage>
