{"/home/shoki/dev/shopping-item-search/next-app/src/pages/api/hello.ts": {"path":"/home/shoki/dev/shopping-item-search/next-app/src/pages/api/hello.ts","statementMap":{"0":{"start":{"line":8,"column":24},"end":{"line":8,"column":31}},"1":{"start":{"line":12,"column":2},"end":{"line":12,"column":null}}},"fnMap":{"0":{"name":"(anonymous_0)","decl":{"start":{"line":8,"column":24},"end":{"line":8,"column":31}},"loc":{"start":{"line":8,"column":24},"end":{"line":8,"column":31}}}},"branchMap":{},"s":{"0":0,"1":0},"f":{"0":0},"b":{}}
,"/home/shoki/dev/shopping-item-search/next-app/src/utils/numberWithCommas.ts": {"path":"/home/shoki/dev/shopping-item-search/next-app/src/utils/numberWithCommas.ts","statementMap":{"0":{"start":{"line":1,"column":13},"end":{"line":1,"column":29}},"1":{"start":{"line":1,"column":32},"end":{"line":1,"column":90}},"2":{"start":{"line":1,"column":52},"end":{"line":1,"column":90}}},"fnMap":{"0":{"name":"(anonymous_0)","decl":{"start":{"line":1,"column":13},"end":{"line":1,"column":29}},"loc":{"start":{"line":1,"column":13},"end":{"line":1,"column":29}}},"1":{"name":"(anonymous_1)","decl":{"start":{"line":1,"column":32},"end":{"line":1,"column":33}},"loc":{"start":{"line":1,"column":52},"end":{"line":1,"column":90}}}},"branchMap":{},"s":{"0":8,"1":1,"2":8},"f":{"0":8,"1":8},"b":{}}
}
